# JRE version: Java(TM) SE Runtime Environment (8.0_66-b18) (build 1.8.0_66-b18)
# Java VM: Java HotSpot(TM) 64-Bit Server VM (25.66-b18 mixed mode windows-amd64 compressed oops)
Heap:
 PSYoungGen      total 143360K, used 70123K [0x00000000d5c00000, 0x00000000e6780000, 0x0000000100000000)
  eden space 18944K, 7% used [0x00000000d5c00000,0x00000000d5d7ae08,0x00000000d6e80000)
  from space 124416K, 55% used [0x00000000dee00000,0x00000000e3100000,0x00000000e6780000)
  to   space 127488K, 0% used [0x00000000d6e80000,0x00000000d6e80000,0x00000000deb00000)
 ParOldGen       total 522752K, used 407664K [0x0000000081400000, 0x00000000a1280000, 0x00000000d5c00000)
  object space 522752K, 77% used [0x0000000081400000,0x000000009a21c320,0x00000000a1280000)
 Metaspace       used 27704K, capacity 29208K, committed 29440K, reserved 1075200K
  class space    used 3577K, capacity 3829K, committed 3840K, reserved 1048576K
GC Heap History (10 events):
Event: 89.565 GC heap before
{Heap before GC invocations=35 (full 7):
 PSYoungGen      total 155136K, used 34944K [0x00000000d5c00000, 0x00000000e8180000, 0x0000000100000000)
  eden space 14848K, 0% used [0x00000000d5c00000,0x00000000d5c00000,0x00000000d6a80000)
  from space 140288K, 24% used [0x00000000df880000,0x00000000e1aa0000,0x00000000e8180000)
  to   space 142848K, 0% used [0x00000000d6a80000,0x00000000d6a80000,0x00000000df600000)
 ParOldGen       total 393728K, used 379038K [0x0000000081400000, 0x0000000099480000, 0x00000000d5c00000)
  object space 393728K, 96% used [0x0000000081400000,0x00000000986278f8,0x0000000099480000)
 Metaspace       used 27704K, capacity 29208K, committed 29440K, reserved 1075200K
  class space    used 3577K, capacity 3829K, committed 3840K, reserved 1048576K
Event: 91.054 GC heap after
Heap after GC invocations=35 (full 7):
 PSYoungGen      total 155136K, used 18959K [0x00000000d5c00000, 0x00000000e8180000, 0x0000000100000000)
  eden space 14848K, 0% used [0x00000000d5c00000,0x00000000d5c00000,0x00000000d6a80000)
  from space 140288K, 13% used [0x00000000df880000,0x00000000e0b03c38,0x00000000e8180000)
  to   space 142848K, 0% used [0x00000000d6a80000,0x00000000d6a80000,0x00000000df600000)
 ParOldGen       total 522752K, used 393568K [0x0000000081400000, 0x00000000a1280000, 0x00000000d5c00000)
  object space 522752K, 75% used [0x0000000081400000,0x0000000099458320,0x00000000a1280000)
 Metaspace       used 27704K, capacity 29208K, committed 29440K, reserved 1075200K
  class space    used 3577K, capacity 3829K, committed 3840K, reserved 1048576K
}
Event: 91.619 GC heap before
{Heap before GC invocations=36 (full 7):
 PSYoungGen      total 155136K, used 33807K [0x00000000d5c00000, 0x00000000e8180000, 0x0000000100000000)
  eden space 14848K, 100% used [0x00000000d5c00000,0x00000000d6a80000,0x00000000d6a80000)
  from space 140288K, 13% used [0x00000000df880000,0x00000000e0b03c38,0x00000000e8180000)
  to   space 142848K, 0% used [0x00000000d6a80000,0x00000000d6a80000,0x00000000df600000)
 ParOldGen       total 522752K, used 393568K [0x0000000081400000, 0x00000000a1280000, 0x00000000d5c00000)
  object space 522752K, 75% used [0x0000000081400000,0x0000000099458320,0x00000000a1280000)
 Metaspace       used 27704K, capacity 29208K, committed 29440K, reserved 1075200K
  class space    used 3577K, capacity 3829K, committed 3840K, reserved 1048576K
Event: 91.849 GC heap after
Heap after GC invocations=36 (full 7):
 PSYoungGen      total 157696K, used 19904K [0x00000000d5c00000, 0x00000000e8200000, 0x0000000100000000)
  eden space 14848K, 0% used [0x00000000d5c00000,0x00000000d5c00000,0x00000000d6a80000)
  from space 142848K, 13% used [0x00000000d6a80000,0x00000000d7df0000,0x00000000df600000)
  to   space 141824K, 0% used [0x00000000df780000,0x00000000df780000,0x00000000e8200000)
 ParOldGen       total 522752K, used 407664K [0x0000000081400000, 0x00000000a1280000, 0x00000000d5c00000)
  object space 522752K, 77% used [0x0000000081400000,0x000000009a21c320,0x00000000a1280000)
 Metaspace       used 27704K, capacity 29208K, committed 29440K, reserved 1075200K
  class space    used 3577K, capacity 3829K, committed 3840K, reserved 1048576K
}
Event: 121.767 GC heap before
{Heap before GC invocations=37 (full 7):
 PSYoungGen      total 157696K, used 34752K [0x00000000d5c00000, 0x00000000e8200000, 0x0000000100000000)
  eden space 14848K, 100% used [0x00000000d5c00000,0x00000000d6a80000,0x00000000d6a80000)
  from space 142848K, 13% used [0x00000000d6a80000,0x00000000d7df0000,0x00000000df600000)
  to   space 141824K, 0% used [0x00000000df780000,0x00000000df780000,0x00000000e8200000)
 ParOldGen       total 522752K, used 407664K [0x0000000081400000, 0x00000000a1280000, 0x00000000d5c00000)
  object space 522752K, 77% used [0x0000000081400000,0x000000009a21c320,0x00000000a1280000)
 Metaspace       used 27704K, capacity 29208K, committed 29440K, reserved 1075200K
  class space    used 3577K, capacity 3829K, committed 3840K, reserved 1048576K
Event: 126.770 GC heap after
Heap after GC invocations=37 (full 7):
 PSYoungGen      total 150016K, used 34816K [0x00000000d5c00000, 0x00000000e7980000, 0x0000000100000000)
  eden space 16896K, 0% used [0x00000000d5c00000,0x00000000d5c00000,0x00000000d6c80000)
  from space 133120K, 26% used [0x00000000df780000,0x00000000e1980000,0x00000000e7980000)
  to   space 137728K, 0% used [0x00000000d6c80000,0x00000000d6c80000,0x00000000df300000)
 ParOldGen       total 522752K, used 407664K [0x0000000081400000, 0x00000000a1280000, 0x00000000d5c00000)
  object space 522752K, 77% used [0x0000000081400000,0x000000009a21c320,0x00000000a1280000)
 Metaspace       used 27704K, capacity 29208K, committed 29440K, reserved 1075200K
  class space    used 3577K, capacity 3829K, committed 3840K, reserved 1048576K
}
Event: 127.137 GC heap before
{Heap before GC invocations=38 (full 7):
 PSYoungGen      total 150016K, used 51712K [0x00000000d5c00000, 0x00000000e7980000, 0x0000000100000000)
  eden space 16896K, 100% used [0x00000000d5c00000,0x00000000d6c80000,0x00000000d6c80000)
  from space 133120K, 26% used [0x00000000df780000,0x00000000e1980000,0x00000000e7980000)
  to   space 137728K, 0% used [0x00000000d6c80000,0x00000000d6c80000,0x00000000df300000)
 ParOldGen       total 522752K, used 407664K [0x0000000081400000, 0x00000000a1280000, 0x00000000d5c00000)
  object space 522752K, 77% used [0x0000000081400000,0x000000009a21c320,0x00000000a1280000)
 Metaspace       used 27704K, capacity 29208K, committed 29440K, reserved 1075200K
  class space    used 3577K, capacity 3829K, committed 3840K, reserved 1048576K
Event: 127.228 GC heap after
Heap after GC invocations=38 (full 7):
 PSYoungGen      total 68608K, used 51712K [0x00000000d5c00000, 0x00000000e6d00000, 0x0000000100000000)
  eden space 16896K, 0% used [0x00000000d5c00000,0x00000000d5c00000,0x00000000d6c80000)
  from space 51712K, 100% used [0x00000000d6c80000,0x00000000d9f00000,0x00000000d9f00000)
  to   space 130048K, 0% used [0x00000000dee00000,0x00000000dee00000,0x00000000e6d00000)
 ParOldGen       total 522752K, used 407664K [0x0000000081400000, 0x00000000a1280000, 0x00000000d5c00000)
  object space 522752K, 77% used [0x0000000081400000,0x000000009a21c320,0x00000000a1280000)
 Metaspace       used 27704K, capacity 29208K, committed 29440K, reserved 1075200K
  class space    used 3577K, capacity 3829K, committed 3840K, reserved 1048576K
}
Event: 130.263 GC heap before
{Heap before GC invocations=39 (full 7):
 PSYoungGen      total 68608K, used 68608K [0x00000000d5c00000, 0x00000000e6d00000, 0x0000000100000000)
  eden space 16896K, 100% used [0x00000000d5c00000,0x00000000d6c80000,0x00000000d6c80000)
  from space 51712K, 100% used [0x00000000d6c80000,0x00000000d9f00000,0x00000000d9f00000)
  to   space 130048K, 0% used [0x00000000dee00000,0x00000000dee00000,0x00000000e6d00000)
 ParOldGen       total 522752K, used 407664K [0x0000000081400000, 0x00000000a1280000, 0x00000000d5c00000)
  object space 522752K, 77% used [0x0000000081400000,0x000000009a21c320,0x00000000a1280000)
 Metaspace       used 27704K, capacity 29208K, committed 29440K, reserved 1075200K
  class space    used 3577K, capacity 3829K, committed 3840K, reserved 1048576K
Event: 130.362 GC heap after
Heap after GC invocations=39 (full 7):
 PSYoungGen      total 143360K, used 68608K [0x00000000d5c00000, 0x00000000e6780000, 0x0000000100000000)
  eden space 18944K, 0% used [0x00000000d5c00000,0x00000000d5c00000,0x00000000d6e80000)
  from space 124416K, 55% used [0x00000000dee00000,0x00000000e3100000,0x00000000e6780000)
  to   space 127488K, 0% used [0x00000000d6e80000,0x00000000d6e80000,0x00000000deb00000)
 ParOldGen       total 522752K, used 407664K [0x0000000081400000, 0x00000000a1280000, 0x00000000d5c00000)
  object space 522752K, 77% used [0x0000000081400000,0x000000009a21c320,0x00000000a1280000)
 Metaspace       used 27704K, capacity 29208K, committed 29440K, reserved 1075200K
  class space    used 3577K, capacity 3829K, committed 3840K, reserved 1048576K
}

